  Main_T6Server.cpp
C:\Program Files (x86)\Microsoft Visual Studio\2017\Community\VC\Tools\MSVC\14.11.25503\include\utility(188): warning C4244: 'inicializando': conversión de 'int' a 'float'; posible pérdida de datos
  c:\users\david-2\desktop\udepe\taller6_server\src\Match.h(29): note: vea la referencia a la creación de instancias de plantilla de función 'std::pair<float,float>::pair<int,int,void,0>(_Other1 &&,_Other2 &&) noexcept' que se está compilando
          with
          [
              _Other1=int,
              _Other2=int
          ]
  c:\users\david-2\desktop\udepe\taller6_server\src\Match.h(29): note: vea la referencia a la creación de instancias de plantilla de función 'std::pair<float,float>::pair<int,int,void,0>(_Other1 &&,_Other2 &&) noexcept' que se está compilando
          with
          [
              _Other1=int,
              _Other2=int
          ]
  Match.cpp
src\Match.cpp(214): warning C4267: 'argumento': conversión de 'size_t' a 'uint32_t'; posible pérdida de datos
src\Match.cpp(253): warning C4267: 'inicializando': conversión de 'size_t' a 'int'; posible pérdida de datos
src\Match.cpp(294): warning C4267: 'inicializando': conversión de 'size_t' a 'int'; posible pérdida de datos
src\Match.cpp(369): warning C4244: '=': conversión de 'int' a 'float'; posible pérdida de datos
src\Match.cpp(370): warning C4244: '=': conversión de 'int' a 'float'; posible pérdida de datos
src\Match.cpp(526): warning C4244: 'argumento': conversión de 'time_t' a 'unsigned int'; posible pérdida de datos
C:\Program Files (x86)\Microsoft Visual Studio\2017\Community\VC\Tools\MSVC\14.11.25503\include\utility(139): warning C4244: 'inicializando': conversión de 'const float' a 'short'; posible pérdida de datos
  src\Match.cpp(191): note: vea la referencia a la creación de instancias de plantilla de función 'std::pair<short,short>::pair<float,float,void,0>(const std::pair<float,float> &)' que se está compilando
  src\Match.cpp(191): note: vea la referencia a la creación de instancias de plantilla de función 'std::pair<short,short>::pair<float,float,void,0>(const std::pair<float,float> &)' que se está compilando
  Generando código
  12 of 763 functions ( 1.6%) were compiled, the rest were copied from previous compilation.
    6 functions were new in current compilation
    13 functions had inline decision re-evaluated but remain unchanged
  Generación de código finalizada
  Taller6_Server.vcxproj -> C:\Users\David-2\Desktop\UDEPE\x64\Release\Taller6_Server.exe
